

================================================================
== Vivado HLS Report for 'scaled_fixed2ieee'
================================================================
* Date:           Fri Feb 19 21:11:00 2021

* Version:        2019.2 (Build 2704478 on Wed Nov 06 22:10:23 MST 2019)
* Project:        HLS_CartPole
* Solution:       solution1
* Product family: virtex7
* Target device:  xc7vx485t-ffg1157-1


================================================================
== Performance Estimates
================================================================
+ Timing: 
    * Summary: 
    +--------+----------+----------+------------+
    |  Clock |  Target  | Estimated| Uncertainty|
    +--------+----------+----------+------------+
    |ap_clk  | 10.00 ns | 5.191 ns |   1.25 ns  |
    +--------+----------+----------+------------+

+ Latency: 
    * Summary: 
    +---------+---------+-----------+-----------+-----+-----+---------+
    |  Latency (cycles) |   Latency (absolute)  |  Interval | Pipeline|
    |   min   |   max   |    min    |    max    | min | max |   Type  |
    +---------+---------+-----------+-----------+-----+-----+---------+
    |        6|        7| 60.000 ns | 70.000 ns |    6|    7|   none  |
    +---------+---------+-----------+-----------+-----+-----+---------+

    + Detail: 
        * Instance: 
        N/A

        * Loop: 
        +----------+---------+---------+----------+-----------+-----------+-------+----------+
        |          |  Latency (cycles) | Iteration|  Initiation Interval  |  Trip |          |
        | Loop Name|   min   |   max   |  Latency |  achieved |   target  | Count | Pipelined|
        +----------+---------+---------+----------+-----------+-----------+-------+----------+
        |- Loop 1  |        2|        2|         1|          -|          -|      2|    no    |
        |- Loop 2  |        1|        2|         1|          -|          -| 1 ~ 2 |    no    |
        +----------+---------+---------+----------+-----------+-----------+-------+----------+



================================================================
== Utilization Estimates
================================================================
* Summary: 
+-----------------+---------+-------+--------+--------+-----+
|       Name      | BRAM_18K| DSP48E|   FF   |   LUT  | URAM|
+-----------------+---------+-------+--------+--------+-----+
|DSP              |        -|      -|       -|       -|    -|
|Expression       |        -|      -|      40|     613|    -|
|FIFO             |        -|      -|       -|       -|    -|
|Instance         |        -|      -|       -|       -|    -|
|Memory           |        -|      -|       -|       -|    -|
|Multiplexer      |        -|      -|       -|      90|    -|
|Register         |        -|      -|     290|       -|    -|
+-----------------+---------+-------+--------+--------+-----+
|Total            |        0|      0|     330|     703|    0|
+-----------------+---------+-------+--------+--------+-----+
|Available        |     2060|   2800|  607200|  303600|    0|
+-----------------+---------+-------+--------+--------+-----+
|Utilization (%)  |        0|      0|   ~0   |   ~0   |    0|
+-----------------+---------+-------+--------+--------+-----+

+ Detail: 
    * Instance: 
    N/A

    * DSP48E: 
    N/A

    * Memory: 
    N/A

    * FIFO: 
    N/A

    * Expression: 
    +-------------------------+----------+-------+----+----+------------+------------+
    |      Variable Name      | Operation| DSP48E| FF | LUT| Bitwidth P0| Bitwidth P1|
    +-------------------------+----------+-------+----+----+------------+------------+
    |i_1_fu_298_p2            |     +    |      0|   0|  10|           2|           1|
    |i_fu_232_p2              |     +    |      0|   0|  10|           2|           1|
    |shift_fu_316_p2          |     +    |      0|   0|  39|          32|          32|
    |newexp_fu_392_p2         |     -    |      0|   0|  39|          32|          32|
    |sub_ln1311_fu_330_p2     |     -    |      0|   0|  39|           1|          32|
    |sub_ln324_fu_383_p2      |     -    |      0|   0|  16|           7|           9|
    |c_0_fu_268_p3            |   cttz   |      0|  40|  36|          32|           0|
    |icmp_ln1452_fu_378_p2    |   icmp   |      0|   0|  18|          29|           1|
    |icmp_ln306_fu_226_p2     |   icmp   |      0|   0|   9|           2|           3|
    |icmp_ln313_fu_292_p2     |   icmp   |      0|   0|   9|           2|           3|
    |icmp_ln316_fu_372_p2     |   icmp   |      0|   0|  18|          32|           5|
    |lshr_ln1287_fu_348_p2    |   lshr   |      0|   0|  74|          29|          29|
    |or_ln330_fu_406_p2       |    or    |      0|   0|   2|           1|           1|
    |c_1_1_fu_276_p3          |  select  |      0|   0|  32|           1|          32|
    |c_1_2_fu_284_p3          |  select  |      0|   0|  32|           1|          32|
    |out_exp_V_fu_433_p3      |  select  |      0|   0|   8|           1|           1|
    |p_Result_22_fu_260_p3    |  select  |      0|   0|  32|           1|          32|
    |r_V_fu_364_p3            |  select  |      0|   0|  29|           1|          29|
    |select_ln314_fu_308_p3   |  select  |      0|   0|  32|           1|          32|
    |significand_V_fu_425_p3  |  select  |      0|   0|  23|           1|           1|
    |ush_fu_336_p3            |  select  |      0|   0|  32|           1|          32|
    |shl_ln1253_fu_358_p2     |    shl   |      0|   0|  74|          29|          29|
    +-------------------------+----------+-------+----+----+------------+------------+
    |Total                    |          |      0|  40| 613|         240|         369|
    +-------------------------+----------+-------+----+----+------------+------------+

    * Multiplexer: 
    +------------------+----+-----------+-----+-----------+
    |       Name       | LUT| Input Size| Bits| Total Bits|
    +------------------+----+-----------+-----+-----------+
    |ap_NS_fsm         |  27|          5|    1|          5|
    |ap_return         |   9|          2|   31|         62|
    |i1_0_reg_108      |   9|          2|    2|          4|
    |i2_0_reg_141      |   9|          2|    2|          4|
    |p_0107_0_reg_119  |   9|          2|   29|         58|
    |p_Val2_s_reg_152  |   9|          2|   29|         58|
    |shift_0_reg_129   |   9|          2|   32|         64|
    |shift_1_reg_162   |   9|          2|   32|         64|
    +------------------+----+-----------+-----+-----------+
    |Total             |  90|         19|  158|        319|
    +------------------+----+-----------+-----+-----------+

    * Register: 
    +----------------------+----+----+-----+-----------+
    |         Name         | FF | LUT| Bits| Const Bits|
    +----------------------+----+----+-----+-----------+
    |ap_CS_fsm             |   4|   0|    4|          0|
    |ap_return_preg        |  31|   0|   32|          1|
    |c_0_020_reg_84        |  32|   0|   32|          0|
    |c_1_019_reg_96        |  32|   0|   32|          0|
    |i1_0_reg_108          |   2|   0|    2|          0|
    |i2_0_reg_141          |   2|   0|    2|          0|
    |icmp_ln1452_reg_517   |   1|   0|    1|          0|
    |out_bits_0_V_reg_466  |  32|   0|   32|          0|
    |p_0107_0_reg_119      |  29|   0|   29|          0|
    |p_Result_s_reg_471    |  32|   0|   32|          0|
    |p_Val2_s_reg_152      |  29|   0|   29|          0|
    |shift_0_reg_129       |  32|   0|   32|          0|
    |shift_1_reg_162       |  32|   0|   32|          0|
    +----------------------+----+----+-----+-----------+
    |Total                 | 290|   0|  291|          1|
    +----------------------+----+----+-----+-----------+



================================================================
== Interface
================================================================
* Summary: 
+-----------+-----+-----+------------+-------------------+--------------+
| RTL Ports | Dir | Bits|  Protocol  |   Source Object   |    C Type    |
+-----------+-----+-----+------------+-------------------+--------------+
|ap_clk     |  in |    1| ap_ctrl_hs | scaled_fixed2ieee | return value |
|ap_rst     |  in |    1| ap_ctrl_hs | scaled_fixed2ieee | return value |
|ap_start   |  in |    1| ap_ctrl_hs | scaled_fixed2ieee | return value |
|ap_done    | out |    1| ap_ctrl_hs | scaled_fixed2ieee | return value |
|ap_idle    | out |    1| ap_ctrl_hs | scaled_fixed2ieee | return value |
|ap_ready   | out |    1| ap_ctrl_hs | scaled_fixed2ieee | return value |
|ap_return  | out |   32| ap_ctrl_hs | scaled_fixed2ieee | return value |
|in_V       |  in |   29|   ap_none  |        in_V       |    scalar    |
|prescale   |  in |    9|   ap_none  |      prescale     |    scalar    |
+-----------+-----+-----+------------+-------------------+--------------+

