

================================================================
== Vivado HLS Report for 'sin_or_cos_float_s'
================================================================
* Date:           Fri Feb 19 21:11:01 2021

* Version:        2019.2 (Build 2704478 on Wed Nov 06 22:10:23 MST 2019)
* Project:        HLS_CartPole
* Solution:       solution1
* Product family: virtex7
* Target device:  xc7vx485t-ffg1157-1


================================================================
== Performance Estimates
================================================================
+ Timing: 
    * Summary: 
    +--------+----------+----------+------------+
    |  Clock |  Target  | Estimated| Uncertainty|
    +--------+----------+----------+------------+
    |ap_clk  | 10.00 ns | 8.517 ns |   1.25 ns  |
    +--------+----------+----------+------------+

+ Latency: 
    * Summary: 
    +---------+---------+----------+----------+-----+-----+---------+
    |  Latency (cycles) |  Latency (absolute) |  Interval | Pipeline|
    |   min   |   max   |    min   |    max   | min | max |   Type  |
    +---------+---------+----------+----------+-----+-----+---------+
    |       15|       16| 0.150 us | 0.160 us |   15|   16|   none  |
    +---------+---------+----------+----------+-----+-----+---------+

    + Detail: 
        * Instance: 
        +------------------------------+-------------------+---------+---------+-----------+-----------+-----+-----+---------+
        |                              |                   |  Latency (cycles) |   Latency (absolute)  |  Interval | Pipeline|
        |           Instance           |       Module      |   min   |   max   |    min    |    max    | min | max |   Type  |
        +------------------------------+-------------------+---------+---------+-----------+-----------+-----+-----+---------+
        |grp_scaled_fixed2ieee_fu_218  |scaled_fixed2ieee  |        6|        7| 60.000 ns | 70.000 ns |    6|    7|   none  |
        +------------------------------+-------------------+---------+---------+-----------+-----------+-----+-----+---------+

        * Loop: 
        N/A



================================================================
== Utilization Estimates
================================================================
* Summary: 
+-----------------+---------+-------+--------+--------+-----+
|       Name      | BRAM_18K| DSP48E|   FF   |   LUT  | URAM|
+-----------------+---------+-------+--------+--------+-----+
|DSP              |        -|      2|       -|       -|    -|
|Expression       |        -|      6|      40|    1240|    -|
|FIFO             |        -|      -|       -|       -|    -|
|Instance         |        -|      5|     691|    1077|    -|
|Memory           |        -|      -|     168|     293|    -|
|Multiplexer      |        -|      -|       -|      59|    -|
|Register         |        -|      -|     447|       -|    -|
+-----------------+---------+-------+--------+--------+-----+
|Total            |        0|     13|    1346|    2669|    0|
+-----------------+---------+-------+--------+--------+-----+
|Available        |     2060|   2800|  607200|  303600|    0|
+-----------------+---------+-------+--------+--------+-----+
|Utilization (%)  |        0|   ~0  |   ~0   |   ~0   |    0|
+-----------------+---------+-------+--------+--------+-----+

+ Detail: 
    * Instance: 
    +------------------------------+----------------------+---------+-------+-----+-----+-----+
    |           Instance           |        Module        | BRAM_18K| DSP48E|  FF | LUT | URAM|
    +------------------------------+----------------------+---------+-------+-----+-----+-----+
    |learn_mul_80ns_24fYi_U3       |learn_mul_80ns_24fYi  |        0|      5|  361|  179|    0|
    |learn_mux_164_1_1_1_U5        |learn_mux_164_1_1_1   |        0|      0|    0|   65|    0|
    |learn_mux_164_1_1_1_U6        |learn_mux_164_1_1_1   |        0|      0|    0|   65|    0|
    |learn_mux_83_1_1_1_U4         |learn_mux_83_1_1_1    |        0|      0|    0|   65|    0|
    |grp_scaled_fixed2ieee_fu_218  |scaled_fixed2ieee     |        0|      0|  330|  703|    0|
    +------------------------------+----------------------+---------+-------+-----+-----+-----+
    |Total                         |                      |        0|      5|  691| 1077|    0|
    +------------------------------+----------------------+---------+-------+-----+-----+-----+

    * DSP48E: 
    +-------------------------+----------------------+-----------+
    |         Instance        |        Module        | Expression|
    +-------------------------+----------------------+-----------+
    |learn_mul_mul_15ng8j_U7  |learn_mul_mul_15ng8j  |  i0 * i0  |
    |learn_mul_mul_15nhbi_U8  |learn_mul_mul_15nhbi  |  i0 * i1  |
    +-------------------------+----------------------+-----------+

    * Memory: 
    +------------------------+----------------------+---------+-----+-----+-----+------+-----+------+-------------+
    |         Memory         |        Module        | BRAM_18K|  FF | LUT | URAM| Words| Bits| Banks| W*Bits*Banks|
    +------------------------+----------------------+---------+-----+-----+-----+------+-----+------+-------------+
    |ref_4oPi_table_100_V_U  |sin_or_cos_float_bkb  |        0|  100|   21|    0|    13|  100|     1|         1300|
    |second_order_float_2_U  |sin_or_cos_float_cud  |        0|   30|  120|    0|   256|   30|     1|         7680|
    |second_order_float_3_U  |sin_or_cos_float_dEe  |        0|   23|   92|    0|   256|   23|     1|         5888|
    |second_order_float_s_U  |sin_or_cos_float_eOg  |        0|   15|   60|    0|   256|   15|     1|         3840|
    +------------------------+----------------------+---------+-----+-----+-----+------+-----+------+-------------+
    |Total                   |                      |        0|  168|  293|    0|   781|  168|     4|        18708|
    +------------------------+----------------------+---------+-----+-----+-----+------+-----+------+-------------+

    * FIFO: 
    N/A

    * Expression: 
    +--------------------------+----------+-------+----+-----+------------+------------+
    |       Variable Name      | Operation| DSP48E| FF | LUT | Bitwidth P0| Bitwidth P1|
    +--------------------------+----------+-------+----+-----+------------+------------+
    |r_V_12_fu_634_p2          |     *    |      2|   0|   33|          23|          22|
    |r_V_14_fu_719_p2          |     *    |      4|   0|   28|          30|          29|
    |add_ln114_1_fu_256_p2     |     +    |      0|   0|   15|           7|           8|
    |add_ln114_fu_353_p2       |     +    |      0|   0|   15|           8|           8|
    |ret_V_5_fu_681_p2         |     +    |      0|   0|   30|          30|          30|
    |ret_V_9_fu_672_p2         |     +    |      0|   0|   30|          30|          30|
    |Ex_V_fu_459_p2            |     -    |      0|   0|   15|           8|           8|
    |Mx_bits_V_1_fu_375_p2     |     -    |      0|   0|   65|           1|          58|
    |ret_V_fu_740_p2           |     -    |      0|   0|   16|           1|           9|
    |sub_ln1311_fu_477_p2      |     -    |      0|   0|   16|           1|           9|
    |and_ln300_1_fu_918_p2     |    and   |      0|   0|    2|           1|           1|
    |and_ln300_fu_862_p2       |    and   |      0|   0|    2|           1|           1|
    |and_ln307_fu_866_p2       |    and   |      0|   0|    2|           1|           1|
    |val_assign_fu_423_p3      |   cttz   |      0|  40|   36|          32|           0|
    |closepath_fu_250_p2       |   icmp   |      0|   0|   11|           8|           7|
    |icmp_ln833_1_fu_328_p2    |   icmp   |      0|   0|   18|          23|           1|
    |icmp_ln833_2_fu_496_p2    |   icmp   |      0|   0|   11|           8|           2|
    |icmp_ln833_fu_491_p2      |   icmp   |      0|   0|   11|           8|           1|
    |lshr_ln1287_fu_510_p2     |   lshr   |      0|   0|   74|          29|          29|
    |or_ln300_fu_936_p2        |    or    |      0|   0|    2|           1|           1|
    |or_ln311_fu_882_p2        |    or    |      0|   0|    2|           1|           1|
    |addr_V_fu_262_p3          |  select  |      0|   0|    8|           1|           6|
    |cos_basis_fu_692_p3       |  select  |      0|   0|    2|           1|           1|
    |p_Repl2_3_fu_902_p3       |  select  |      0|   0|    2|           1|           1|
    |p_Val2_25_fu_365_p3       |  select  |      0|   0|    3|           1|           1|
    |p_Val2_7_fu_380_p3        |  select  |      0|   0|   58|           1|          58|
    |ret_V_6_fu_910_p3         |  select  |      0|   0|    8|           1|           8|
    |ret_V_7_fu_941_p3         |  select  |      0|   0|   23|           1|          23|
    |select_ln1310_fu_525_p3   |  select  |      0|   0|   32|           1|          32|
    |select_ln271_fu_855_p3    |  select  |      0|   0|    2|           1|           1|
    |select_ln272_1_fu_705_p3  |  select  |      0|   0|   29|           1|           2|
    |select_ln272_fu_698_p3    |  select  |      0|   0|    8|           1|           1|
    |select_ln300_2_fu_928_p3  |  select  |      0|   0|    2|           1|           2|
    |select_ln307_fu_870_p3    |  select  |      0|   0|    7|           1|           7|
    |select_ln311_1_fu_895_p3  |  select  |      0|   0|    8|           1|           2|
    |select_ln311_fu_887_p3    |  select  |      0|   0|    2|           1|           1|
    |select_ln482_fu_358_p3    |  select  |      0|   0|    8|           1|           8|
    |ush_fu_483_p3             |  select  |      0|   0|    9|           1|           9|
    |r_V_10_fu_439_p2          |    shl   |      0|   0|  170|          58|          58|
    |r_V_9_fu_292_p2           |    shl   |      0|   0|  330|         100|         100|
    |shl_ln1253_fu_519_p2      |    shl   |      0|   0|   85|          32|          32|
    |sin_basis_fu_596_p2       |    xor   |      0|   0|    2|           1|           1|
    |xor_ln25_fu_590_p2        |    xor   |      0|   0|    2|           1|           2|
    |xor_ln271_fu_687_p2       |    xor   |      0|   0|    2|           1|           2|
    |xor_ln300_fu_922_p2       |    xor   |      0|   0|    2|           2|           1|
    |xor_ln311_fu_877_p2       |    xor   |      0|   0|    2|           1|           2|
    +--------------------------+----------+-------+----+-----+------------+------------+
    |Total                     |          |      6|  40| 1240|         465|         617|
    +--------------------------+----------+-------+----+-----+------------+------------+

    * Multiplexer: 
    +-----------+----+-----------+-----+-----------+
    |    Name   | LUT| Input Size| Bits| Total Bits|
    +-----------+----+-----------+-----+-----------+
    |ap_NS_fsm  |  50|         11|    1|         11|
    |ap_return  |   9|          2|   32|         64|
    +-----------+----+-----------+-----+-----------+
    |Total      |  59|         13|   33|         75|
    +-----------+----+-----------+-----+-----------+

    * Register: 
    +-------------------------------------------+----+----+-----+-----------+
    |                    Name                   | FF | LUT| Bits| Const Bits|
    +-------------------------------------------+----+----+-----+-----------+
    |B_V_reg_1099                               |  22|   0|   22|          0|
    |B_squared_V_reg_1104                       |  15|   0|   15|          0|
    |Ex_V_reg_1057                              |   8|   0|    8|          0|
    |Med_V_reg_1012                             |  80|   0|   80|          0|
    |Mx_V_reg_1050                              |  29|   0|   29|          0|
    |ap_CS_fsm                                  |  10|   0|   10|          0|
    |ap_return_preg                             |  32|   0|   32|          0|
    |closepath_reg_996                          |   1|   0|    1|          0|
    |cos_basis_reg_1149                         |   1|   0|    1|          0|
    |grp_scaled_fixed2ieee_fu_218_ap_start_reg  |   1|   0|    1|          0|
    |icmp_ln833_1_reg_1027                      |   1|   0|    1|          0|
    |icmp_ln833_2_reg_1079                      |   1|   0|    1|          0|
    |icmp_ln833_reg_1073                        |   1|   0|    1|          0|
    |isNeg_reg_1062                             |   1|   0|    1|          0|
    |p_Result_s_reg_977                         |   1|   0|    1|          0|
    |p_Val2_24_reg_1033                         |  58|   0|   58|          0|
    |p_Val2_25_reg_1044                         |   3|   0|    3|          0|
    |result_V_reg_1154                          |  29|   0|   29|          0|
    |ret_V_5_reg_1144                           |  30|   0|   30|          0|
    |ret_V_reg_1159                             |   9|   0|    9|          0|
    |t1_V_reg_1129                              |  29|   0|   29|          0|
    |tmp_V_1_reg_990                            |  23|   0|   23|          0|
    |tmp_V_reg_983                              |   8|   0|    8|          0|
    |tmp_reg_1093                               |   1|   0|    1|          0|
    |trunc_ln1_reg_1134                         |  22|   0|   22|          0|
    |trunc_ln601_reg_1007                       |   4|   0|    4|          0|
    |trunc_ln662_2_reg_1139                     |  14|   0|   14|          0|
    |trunc_ln_i_reg_1039                        |   3|   0|    3|          0|
    |ush_reg_1067                               |   9|   0|    9|          0|
    |xor_ln25_reg_1109                          |   1|   0|    1|          0|
    +-------------------------------------------+----+----+-----+-----------+
    |Total                                      | 447|   0|  447|          0|
    +-------------------------------------------+----+----+-----+-----------+



================================================================
== Interface
================================================================
* Summary: 
+-----------+-----+-----+------------+-------------------+--------------+
| RTL Ports | Dir | Bits|  Protocol  |   Source Object   |    C Type    |
+-----------+-----+-----+------------+-------------------+--------------+
|ap_clk     |  in |    1| ap_ctrl_hs | sin_or_cos<float> | return value |
|ap_rst     |  in |    1| ap_ctrl_hs | sin_or_cos<float> | return value |
|ap_start   |  in |    1| ap_ctrl_hs | sin_or_cos<float> | return value |
|ap_done    | out |    1| ap_ctrl_hs | sin_or_cos<float> | return value |
|ap_idle    | out |    1| ap_ctrl_hs | sin_or_cos<float> | return value |
|ap_ready   | out |    1| ap_ctrl_hs | sin_or_cos<float> | return value |
|ap_return  | out |   32| ap_ctrl_hs | sin_or_cos<float> | return value |
|t_in       |  in |   32|   ap_none  |        t_in       |    scalar    |
|do_cos     |  in |    1|   ap_none  |       do_cos      |    scalar    |
+-----------+-----+-----+------------+-------------------+--------------+

